<?xml version="1.0" encoding="UTF-8" ?>
<testsuite tests="21" failures="0" name="TestSuite" time="30.674" errors="0" skipped="0">
  <properties>
    <property name="java.runtime.name" value="Java(TM) SE Runtime Environment"/>
    <property name="sun.boot.library.path" value="C:\Program Files\Java\jdk1.8.0_341\jre\bin"/>
    <property name="java.vm.version" value="25.341-b10"/>
    <property name="java.vm.vendor" value="Oracle Corporation"/>
    <property name="maven.multiModuleProjectDirectory" value="C:\Users\valdi\IdeaProjects\testng_framework_5"/>
    <property name="java.vendor.url" value="http://java.oracle.com/"/>
    <property name="path.separator" value=";"/>
    <property name="guice.disable.misplaced.annotation.check" value="true"/>
    <property name="java.vm.name" value="Java HotSpot(TM) 64-Bit Server VM"/>
    <property name="file.encoding.pkg" value="sun.io"/>
    <property name="user.script" value=""/>
    <property name="user.country" value="US"/>
    <property name="sun.java.launcher" value="SUN_STANDARD"/>
    <property name="sun.os.patch.level" value=""/>
    <property name="java.vm.specification.name" value="Java Virtual Machine Specification"/>
    <property name="user.dir" value="C:\Users\valdi\IdeaProjects\testng_framework_5"/>
    <property name="java.runtime.version" value="1.8.0_341-b10"/>
    <property name="java.awt.graphicsenv" value="sun.awt.Win32GraphicsEnvironment"/>
    <property name="java.endorsed.dirs" value="C:\Program Files\Java\jdk1.8.0_341\jre\lib\endorsed"/>
    <property name="os.arch" value="amd64"/>
    <property name="java.io.tmpdir" value="C:\Users\valdi\AppData\Local\Temp\"/>
    <property name="line.separator" value="
"/>
    <property name="java.vm.specification.vendor" value="Oracle Corporation"/>
    <property name="user.variant" value=""/>
    <property name="os.name" value="Windows 11"/>
    <property name="classworlds.conf" value="C:\Users\valdi\apache-maven-3.8.7\bin\m2.conf"/>
    <property name="sun.jnu.encoding" value="Cp1252"/>
    <property name="java.library.path" value="C:\Program Files\Java\jdk1.8.0_341\bin;C:\WINDOWS\Sun\Java\bin;C:\WINDOWS\system32;C:\WINDOWS;C:\Program Files (x86)\Common Files\Oracle\Java\javapath;C:\WINDOWS\system32;C:\WINDOWS;C:\WINDOWS\System32\Wbem;C:\WINDOWS\System32\WindowsPowerShell\v1.0\;C:\WINDOWS\System32\OpenSSH\;C:\Program Files\Java\jdk1.8.0_341\bin;C:\Program Files\Git\cmd;C:\Users\valdi\apache-maven-3.8.7\bin;C:\Users\valdi\AppData\Local\Microsoft\WindowsApps;;C:\Users\valdi\AppData\Local\Programs\Microsoft VS Code\bin;."/>
    <property name="maven.conf" value="C:\Users\valdi\apache-maven-3.8.7/conf"/>
    <property name="java.specification.name" value="Java Platform API Specification"/>
    <property name="java.class.version" value="52.0"/>
    <property name="sun.management.compiler" value="HotSpot 64-Bit Tiered Compilers"/>
    <property name="os.version" value="10.0"/>
    <property name="library.jansi.path" value="C:\Users\valdi\apache-maven-3.8.7\lib\jansi-native"/>
    <property name="surefire.suiteXmlFiles" value="integration.xml"/>
    <property name="user.home" value="C:\Users\valdi"/>
    <property name="user.timezone" value="America/Chicago"/>
    <property name="java.awt.printerjob" value="sun.awt.windows.WPrinterJob"/>
    <property name="java.specification.version" value="1.8"/>
    <property name="file.encoding" value="Cp1252"/>
    <property name="user.name" value="valdi"/>
    <property name="java.class.path" value="C:\Users\valdi\apache-maven-3.8.7\boot\plexus-classworlds-2.6.0.jar"/>
    <property name="java.vm.specification.version" value="1.8"/>
    <property name="sun.arch.data.model" value="64"/>
    <property name="java.home" value="C:\Program Files\Java\jdk1.8.0_341\jre"/>
    <property name="sun.java.command" value="org.codehaus.plexus.classworlds.launcher.Launcher clean test -Dsurefire.suiteXmlFiles=integration.xml"/>
    <property name="java.specification.vendor" value="Oracle Corporation"/>
    <property name="user.language" value="en"/>
    <property name="awt.toolkit" value="sun.awt.windows.WToolkit"/>
    <property name="java.vm.info" value="mixed mode"/>
    <property name="java.version" value="1.8.0_341"/>
    <property name="java.ext.dirs" value="C:\Program Files\Java\jdk1.8.0_341\jre\lib\ext;C:\WINDOWS\Sun\Java\lib\ext"/>
    <property name="sun.boot.class.path" value="C:\Program Files\Java\jdk1.8.0_341\jre\lib\resources.jar;C:\Program Files\Java\jdk1.8.0_341\jre\lib\rt.jar;C:\Program Files\Java\jdk1.8.0_341\jre\lib\jsse.jar;C:\Program Files\Java\jdk1.8.0_341\jre\lib\jce.jar;C:\Program Files\Java\jdk1.8.0_341\jre\lib\charsets.jar;C:\Program Files\Java\jdk1.8.0_341\jre\lib\jfr.jar;C:\Program Files\Java\jdk1.8.0_341\jre\classes"/>
    <property name="sun.stderr.encoding" value="cp437"/>
    <property name="java.vendor" value="Oracle Corporation"/>
    <property name="maven.home" value="C:\Users\valdi\apache-maven-3.8.7"/>
    <property name="file.separator" value="\"/>
    <property name="java.vendor.url.bug" value="http://bugreport.sun.com/bugreport/"/>
    <property name="sun.cpu.endian" value="little"/>
    <property name="sun.io.unicode.encoding" value="UnicodeLittle"/>
    <property name="sun.stdout.encoding" value="cp437"/>
    <property name="sun.desktop" value="windows"/>
    <property name="sun.cpu.isalist" value="amd64"/>
  </properties>
  <testcase classname="scripts.TechGlobalAlertTest" name="warningAlert" time="0.169"/>
  <testcase classname="scripts.TechGlobalAlertTest" name="confirmationAlert" time="0.36"/>
  <testcase classname="scripts.TechGlobalAlertTest" name="promptAlert" time="0.551"/>
  <testcase classname="scripts.TechGlobalCheckBoxTest" name="validateCheckboxes" time="5.368"/>
  <testcase classname="scripts.TechGlobalCheckBoxTest" name="validateCheckboxes2" time="1.49"/>
  <testcase classname="scripts.TechGlobalDropdownsTest" name="selectDeliveryOption" time="0.134"/>
  <testcase classname="scripts.TechGlobalDropdownsTest" name="selectProductOption" time="0.142"/>
  <testcase classname="scripts.TechGlobalDropdownsTest" name="selectColorOption" time="0.179"/>
  <testcase classname="scripts.TechGlobalDropdownsTest" name="validateTheItemSelected" time="5.614"/>
  <testcase classname="scripts.TechGlobalDynamicElementsTest" name="dynamicElementsTest1" time="0.728"/>
  <testcase classname="scripts.TechGlobalDynamicTablesTest" name="popupValidation" time="0.149"/>
  <testcase classname="scripts.TechGlobalFrontendTestingHomeTest" name="validateFrontendTestingCards" time="2.05"/>
  <testcase classname="scripts.TechGlobalFrontendTestingHomeTest" name="validateFrontendTestingURL" time="0.506"/>
  <testcase classname="scripts.TechGlobalHeaderTest" name="validateTechGlobalHeaderDropdown" time="0.12"/>
  <testcase classname="scripts.TechGlobalHeaderTest" name="validateTechGlobalHeaderDropdownOptions" time="0.576"/>
  <testcase classname="scripts.TechGlobalLogoTest" name="validateTechGlobalLogo" time="0.662"/>
  <testcase classname="scripts.TechGlobalMultipleWindowsPageTest" name="validateTheAppleLink" time="3.275"/>
  <testcase classname="scripts.TechGlobalMultipleWindowsPageTest" name="validateLinkURLs" time="4.846"/>
  <testcase classname="scripts.techGlobalRadioButtonsTest" name="languageRadioButtons" time="1.705"/>
  <testcase classname="scripts.techGlobalRadioButtonsTest" name="toolsRadioButtons" time="1.018"/>
  <testcase classname="scripts.TechGlobalWaitsPageTest" name="validateRedBox" time="1.032"/>
</testsuite>