<?xml version="1.0" encoding="UTF-8"?>
<!-- Generated by org.testng.reporters.JUnitReportReporter -->
<testsuite skipped="0" hostname="valentyna" name="scripts.TechGlobalMultipleWindowsPageTest" tests="2" failures="0" timestamp="2023-01-24T20:42:38 CST" time="15.922" errors="0">
  <testcase name="validateTheAppleLink" time="7.206" classname="scripts.TechGlobalMultipleWindowsPageTest"/>
  <system-out/>
  <testcase name="validateLinkURLs" time="8.716" classname="scripts.TechGlobalMultipleWindowsPageTest"/>
  <system-out/>
</testsuite> <!-- scripts.TechGlobalMultipleWindowsPageTest -->
