<?xml version="1.0" encoding="UTF-8"?>
<!-- Generated by org.testng.reporters.JUnitReportReporter -->
<testsuite skipped="0" hostname="valentyna" name="scripts.TechGlobalDynamicTablesTest" tests="1" failures="0" timestamp="2023-01-24T20:42:38 CST" time="4.209" errors="0">
  <testcase name="popupValidation" time="4.209" classname="scripts.TechGlobalDynamicTablesTest"/>
  <system-out/>
</testsuite> <!-- scripts.TechGlobalDynamicTablesTest -->
