<?xml version="1.0" encoding="UTF-8"?>
<!-- Generated by org.testng.reporters.JUnitReportReporter -->
<testsuite skipped="0" hostname="valentyna" name="scripts.TechGlobalAlertTest" tests="3" failures="0" timestamp="2023-01-24T20:42:38 CST" time="14.531" errors="0">
  <testcase name="warningAlert" time="4.390" classname="scripts.TechGlobalAlertTest"/>
  <system-out/>
  <testcase name="confirmationAlert" time="5.699" classname="scripts.TechGlobalAlertTest"/>
  <system-out/>
  <testcase name="promptAlert" time="4.442" classname="scripts.TechGlobalAlertTest"/>
  <system-out/>
</testsuite> <!-- scripts.TechGlobalAlertTest -->
