<?xml version="1.0" encoding="UTF-8"?>
<!-- Generated by org.testng.reporters.JUnitReportReporter -->
<testsuite skipped="0" hostname="valentyna" name="scripts.TechGlobalLogoTest" tests="1" failures="0" timestamp="2023-01-24T20:42:38 CST" time="3.539" errors="0">
  <testcase name="validateTechGlobalLogo" time="3.539" classname="scripts.TechGlobalLogoTest"/>
  <system-out/>
</testsuite> <!-- scripts.TechGlobalLogoTest -->
