<?xml version="1.0" encoding="UTF-8"?>
<!-- Generated by org.testng.reporters.JUnitReportReporter -->
<testsuite skipped="0" hostname="valentyna" name="scripts.techGlobalRadioButtonsTest" tests="2" failures="0" timestamp="2023-01-24T20:42:38 CST" time="8.462" errors="0">
  <testcase name="languageRadioButtons" time="4.575" classname="scripts.techGlobalRadioButtonsTest"/>
  <system-out/>
  <testcase name="toolsRadioButtons" time="3.887" classname="scripts.techGlobalRadioButtonsTest"/>
  <system-out/>
</testsuite> <!-- scripts.techGlobalRadioButtonsTest -->
