<?xml version="1.0" encoding="UTF-8"?>
<!-- Generated by org.testng.reporters.JUnitReportReporter -->
<testsuite skipped="0" hostname="valentyna" name="scripts.TechGlobalFrontendTestingHomeTest" tests="2" failures="0" timestamp="2023-01-24T20:42:38 CST" time="8.156" errors="0">
  <testcase name="validateFrontendTestingCards" time="4.893" classname="scripts.TechGlobalFrontendTestingHomeTest"/>
  <system-out/>
  <testcase name="validateFrontendTestingURL" time="3.263" classname="scripts.TechGlobalFrontendTestingHomeTest"/>
  <system-out/>
</testsuite> <!-- scripts.TechGlobalFrontendTestingHomeTest -->
