<?xml version="1.0" encoding="UTF-8"?>
<!-- Generated by org.testng.reporters.JUnitReportReporter -->
<testsuite skipped="0" hostname="valentyna" name="scripts.TechGlobalDynamicElementsTest" tests="1" failures="0" timestamp="2023-01-24T20:42:38 CST" time="3.556" errors="0">
  <testcase name="dynamicElementsTest1" time="3.556" classname="scripts.TechGlobalDynamicElementsTest"/>
  <system-out/>
</testsuite> <!-- scripts.TechGlobalDynamicElementsTest -->
